<?xml version="1.0" encoding="UTF-8"?>
<testsuite name="testCalcularCombustible" tests="1" skipped="0" failures="0" errors="0" timestamp="2023-08-20T23:29:12" hostname="LAPTOP-M9DPUGHT" time="0.019">
  <properties/>
  <testcase name="testCalcularCombustible()" classname="testCalcularCombustible" time="0.019"/>
  <system-out><![CDATA[]]></system-out>
  <system-err><![CDATA[]]></system-err>
</testsuite>
